<?xml version="1.0" encoding="UTF-8"?>
<!-- Generated by org.testng.reporters.JUnitReportReporter -->
<testsuite skipped="0" hostname="SRK" name="com.qa.naveen.Cust" tests="3" failures="0" timestamp="2020-08-21T19:25:16 IST" time="0.016" errors="0">
  <testcase name="testAA" time="0.002" classname="com.qa.naveen.Cust"/>
  <system-out/>
  <testcase name="testBB" time="0.009" classname="com.qa.naveen.Cust"/>
  <system-out/>
  <testcase name="testCC" time="0.005" classname="com.qa.naveen.Cust"/>
  <system-out/>
</testsuite> <!-- com.qa.naveen.Cust -->
