<?xml version="1.0" encoding="UTF-8"?>
<!-- Generated by org.testng.reporters.JUnitReportReporter -->
<testsuite skipped="0" hostname="SRK" name="com.naveen.testcases.HomePageTest" tests="2" failures="0" timestamp="2020-08-22T18:55:39 IST" time="13.589" errors="0">
  <testcase name="verfiyHomePageTitle" time="6.825" classname="com.naveen.testcases.HomePageTest"/>
  <system-out/>
  <testcase name="verifyHomePageHeader" time="6.764" classname="com.naveen.testcases.HomePageTest"/>
  <system-out/>
</testsuite> <!-- com.naveen.testcases.HomePageTest -->
