<?xml version="1.0" encoding="UTF-8"?>
<!-- Generated by org.testng.reporters.JUnitReportReporter -->
<testsuite skipped="0" hostname="SRK" name="com.qa.naveen.Demo" tests="3" failures="0" timestamp="2020-08-21T19:22:11 IST" time="0.019" errors="0">
  <testcase name="testAA" time="0.003" classname="com.qa.naveen.Demo"/>
  <system-out/>
  <testcase name="testBB" time="0.009" classname="com.qa.naveen.Demo"/>
  <system-out/>
  <testcase name="testCC" time="0.007" classname="com.qa.naveen.Demo"/>
  <system-out/>
</testsuite> <!-- com.qa.naveen.Demo -->
