<?xml version="1.0" encoding="UTF-8"?>
<!-- Generated by org.testng.reporters.JUnitReportReporter -->
<testsuite skipped="0" hostname="SRK" name="com.naveen.testcases.LoginTest" tests="3" failures="0" timestamp="2020-08-22T18:55:39 IST" time="8.915" errors="0">
  <testcase name="verifyLoginPageTitleTest" time="1.525" classname="com.naveen.testcases.LoginTest"/>
  <system-out/>
  <testcase name="verifyLoginPageHeaderTest" time="0.388" classname="com.naveen.testcases.LoginTest"/>
  <system-out/>
  <testcase name="doLoginTest" time="7.002" classname="com.naveen.testcases.LoginTest"/>
  <system-out/>
</testsuite> <!-- com.naveen.testcases.LoginTest -->
