<?xml version="1.0" encoding="UTF-8"?>
<!-- Generated by org.testng.reporters.JUnitReportReporter -->
<testsuite skipped="0" hostname="SRK" name="com.naveen.testcases.HomePageTest" tests="2" failures="0" timestamp="2020-08-22T18:59:32 IST" time="13.896" errors="0">
  <testcase name="verfiyHomePageTitle" time="6.872" classname="com.naveen.testcases.HomePageTest"/>
  <system-out/>
  <testcase name="verifyHomePageHeader" time="7.024" classname="com.naveen.testcases.HomePageTest"/>
  <system-out/>
</testsuite> <!-- com.naveen.testcases.HomePageTest -->
