<?xml version="1.0" encoding="UTF-8"?>
<!-- Generated by org.testng.reporters.JUnitReportReporter -->
<testsuite skipped="0" hostname="SRK" name="com.naveen.testcases.ActiveProjectsCustomersTest" tests="2" failures="0" timestamp="2020-08-22T18:59:32 IST" time="23.341" errors="0">
  <testcase name="createCustomerTest" time="12.045" classname="com.naveen.testcases.ActiveProjectsCustomersTest"/>
  <system-out/>
  <testcase name="deleteCustomer" time="11.296" classname="com.naveen.testcases.ActiveProjectsCustomersTest"/>
  <system-out/>
</testsuite> <!-- com.naveen.testcases.ActiveProjectsCustomersTest -->
