<?xml version="1.0" encoding="UTF-8"?>
<!-- Generated by org.testng.reporters.JUnitReportReporter -->
<testsuite skipped="0" hostname="SRK" name="com.naveen.testcases.LoginTest" tests="3" failures="0" timestamp="2020-08-22T18:59:32 IST" time="9.086" errors="0">
  <testcase name="verifyLoginPageTitleTest" time="0.311" classname="com.naveen.testcases.LoginTest"/>
  <system-out/>
  <testcase name="verifyLoginPageHeaderTest" time="0.364" classname="com.naveen.testcases.LoginTest"/>
  <system-out/>
  <testcase name="doLoginTest" time="8.411" classname="com.naveen.testcases.LoginTest"/>
  <system-out/>
</testsuite> <!-- com.naveen.testcases.LoginTest -->
